Building DAG of jobs...
Using shell: /usr/bin/bash
Provided cluster nodes: 100
Job counts:
	count	jobs
	1	all
	1	annotate
	1	gatherPoolSnp
	4	runSNP_calling
	7
Select jobs to execute...

[Thu Jan 19 17:42:28 2023]
rule runSNP_calling:
    input: /scratch/aob2x/DESTv2_output/jobs.csv, /project/berglandlab/DEST/dest_mapped
    output: /scratch/aob2x/DESTv2_output/sub_vcfs/2L_412525_450032.all.PoolSNP.001.5.test.norep.vcf.gz
    jobid: 4
    wildcards: jobid=2L_412525_450032, popset=all, method=PoolSNP, maf=001, mac=5, version=test
    resources: ntasks_per_node=4, memory_limit=36, time_limit=120, log_dir=/scratch/aob2x/DESTv2_output/logs

Submitted job 4 with external jobid 'Submitted batch job 46093520'.

[Thu Jan 19 17:42:30 2023]
rule runSNP_calling:
    input: /scratch/aob2x/DESTv2_output/jobs.csv, /project/berglandlab/DEST/dest_mapped
    output: /scratch/aob2x/DESTv2_output/sub_vcfs/2L_275017_312524.all.PoolSNP.001.5.test.norep.vcf.gz
    jobid: 3
    wildcards: jobid=2L_275017_312524, popset=all, method=PoolSNP, maf=001, mac=5, version=test
    resources: ntasks_per_node=4, memory_limit=36, time_limit=120, log_dir=/scratch/aob2x/DESTv2_output/logs

Submitted job 3 with external jobid 'Submitted batch job 46093525'.

[Thu Jan 19 17:42:32 2023]
rule runSNP_calling:
    input: /scratch/aob2x/DESTv2_output/jobs.csv, /project/berglandlab/DEST/dest_mapped
    output: /scratch/aob2x/DESTv2_output/sub_vcfs/2L_550033_587540.all.PoolSNP.001.5.test.norep.vcf.gz
    jobid: 5
    wildcards: jobid=2L_550033_587540, popset=all, method=PoolSNP, maf=001, mac=5, version=test
    resources: ntasks_per_node=4, memory_limit=36, time_limit=120, log_dir=/scratch/aob2x/DESTv2_output/logs

Submitted job 5 with external jobid 'Submitted batch job 46093529'.

[Thu Jan 19 17:42:35 2023]
rule runSNP_calling:
    input: /scratch/aob2x/DESTv2_output/jobs.csv, /project/berglandlab/DEST/dest_mapped
    output: /scratch/aob2x/DESTv2_output/sub_vcfs/2L_687541_725048.all.PoolSNP.001.5.test.norep.vcf.gz
    jobid: 6
    wildcards: jobid=2L_687541_725048, popset=all, method=PoolSNP, maf=001, mac=5, version=test
    resources: ntasks_per_node=4, memory_limit=36, time_limit=120, log_dir=/scratch/aob2x/DESTv2_output/logs

Submitted job 6 with external jobid 'Submitted batch job 46093530'.
[Thu Jan 19 17:44:08 2023]
Finished job 4.
1 of 7 steps (14%) done
[Thu Jan 19 17:44:08 2023]
Finished job 3.
2 of 7 steps (29%) done
[Thu Jan 19 17:44:08 2023]
Finished job 5.
3 of 7 steps (43%) done
[Thu Jan 19 17:44:08 2023]
Finished job 6.
4 of 7 steps (57%) done
Select jobs to execute...

[Thu Jan 19 17:44:08 2023]
rule gatherPoolSnp:
    input: /scratch/aob2x/DESTv2_output/sub_vcfs/2L_275017_312524.all.PoolSNP.001.5.test.norep.vcf.gz, /scratch/aob2x/DESTv2_output/sub_vcfs/2L_412525_450032.all.PoolSNP.001.5.test.norep.vcf.gz, /scratch/aob2x/DESTv2_output/sub_vcfs/2L_550033_587540.all.PoolSNP.001.5.test.norep.vcf.gz, /scratch/aob2x/DESTv2_output/sub_vcfs/2L_687541_725048.all.PoolSNP.001.5.test.norep.vcf.gz
    output: /scratch/aob2x/DESTv2_output/sub_bcf/dest.2L.all.PoolSNP.001.5.test.norep.vcf.gz
    jobid: 2
    wildcards: chr=2L, popSet=all, method=PoolSNP, maf=001, mac=5, version=test
    resources: ntasks_per_node=20, memory_limit=36, time_limit=240, log_dir=/scratch/aob2x/DESTv2_output/logs

Submitted job 2 with external jobid 'Submitted batch job 46093626'.
[Thu Jan 19 17:44:28 2023]
Finished job 2.
5 of 7 steps (71%) done
Select jobs to execute...

[Thu Jan 19 17:44:28 2023]
rule annotate:
    input: /scratch/aob2x/DESTv2_output/sub_bcf/dest.2L.all.PoolSNP.001.5.test.norep.vcf.gz
    output: /scratch/aob2x/DESTv2_output/dest.all.PoolSNP.001.5.test.norep.ann.vcf.gz
    jobid: 1
    wildcards: popset=all, method=PoolSNP, maf=001, mac=5, version=test
    resources: ntasks_per_node=10, memory_limit=20, time_limit=1440, log_dir=/scratch/aob2x/DESTv2_output/logs

Submitted job 1 with external jobid 'Submitted batch job 46093638'.
[Thu Jan 19 17:44:58 2023]
Finished job 1.
6 of 7 steps (86%) done
Select jobs to execute...

[Thu Jan 19 17:44:58 2023]
localrule all:
    input: /scratch/aob2x/DESTv2_output/dest.all.PoolSNP.001.5.test.norep.ann.vcf.gz
    jobid: 0
    resources: ntasks_per_node=4, memory_limit=36, time_limit=120

[Thu Jan 19 17:44:58 2023]
Finished job 0.
7 of 7 steps (100%) done
Complete log: /gpfs/gpfs0/scratch/aob2x/DESTv2/snpCalling/.snakemake/log/2023-01-19T174227.907218.snakemake.log
