Building DAG of jobs...
Using shell: /usr/bin/bash
Provided cluster nodes: 100
Job counts:
	count	jobs
	1	all
	1	annotate
	1	gatherPoolSnp
	3
Select jobs to execute...

[Thu Jan 19 11:48:55 2023]
rule gatherPoolSnp:
    input: /scratch/aob2x/DESTv2_output/sub_vcfs/2L_275017_312524.all.PoolSNP.001.5.test.norep.vcf.gz, /scratch/aob2x/DESTv2_output/sub_vcfs/2L_412525_450032.all.PoolSNP.001.5.test.norep.vcf.gz, /scratch/aob2x/DESTv2_output/sub_vcfs/2L_550033_587540.all.PoolSNP.001.5.test.norep.vcf.gz, /scratch/aob2x/DESTv2_output/sub_vcfs/2L_687541_725048.all.PoolSNP.001.5.test.norep.vcf.gz
    output: /scratch/aob2x/DESTv2_output/sub_bcf/dest.2L.all.PoolSNP.001.5.test.norep.vcf.gz
    jobid: 2
    wildcards: chr=2L, popSet=all, method=PoolSNP, maf=001, mac=5, version=test
    resources: ntasks_per_node=20, memory_limit=36, time_limit=240, log_dir=/scratch/aob2x/DESTv2_output/logs

Submitted job 2 with external jobid 'Submitted batch job 46082052'.
[Thu Jan 19 11:49:06 2023]
Error in rule gatherPoolSnp:
    jobid: 2
    output: /scratch/aob2x/DESTv2_output/sub_bcf/dest.2L.all.PoolSNP.001.5.test.norep.vcf.gz
    shell:
        bash scatter_gather_annotate/gather.sh all PoolSNP 001 5 test /scratch/aob2x/DESTv2_output 2L
        (one of the commands exited with non-zero exit code; note that snakemake uses bash strict mode!)
    cluster_jobid: Submitted batch job 46082052

Error executing rule gatherPoolSnp on cluster (jobid: 2, external: Submitted batch job 46082052, jobscript: /gpfs/gpfs0/scratch/aob2x/DESTv2/snpCalling/.snakemake/tmp.8hyhdxas/snakejob.gatherPoolSnp.2.sh). For error details see the cluster log and the log files of the involved rule(s).
Shutting down, this might take some time.
Exiting because a job execution failed. Look above for error message
Complete log: /gpfs/gpfs0/scratch/aob2x/DESTv2/snpCalling/.snakemake/log/2023-01-19T114855.457615.snakemake.log
