Building DAG of jobs...
Using shell: /usr/bin/bash
Provided cluster nodes: 100
Job counts:
	count	jobs
	1	all
	1	annotate
	1	gatherPoolSnp
	3
Select jobs to execute...

[Tue Jan 17 08:49:03 2023]
rule gatherPoolSnp:
    input: /scratch/aob2x/DESTv2_output/sub_vcfs/2L_1_137508.all.PoolSNP.001.5.test.vcf.gz, /scratch/aob2x/DESTv2_output/sub_vcfs/2L_137509_275016.all.PoolSNP.001.5.test.vcf.gz, /scratch/aob2x/DESTv2_output/sub_vcfs/2L_275017_412524.all.PoolSNP.001.5.test.vcf.gz, /scratch/aob2x/DESTv2_output/sub_vcfs/2L_412525_550032.all.PoolSNP.001.5.test.vcf.gz, /scratch/aob2x/DESTv2_output/sub_vcfs/2L_550033_687540.all.PoolSNP.001.5.test.vcf.gz, /scratch/aob2x/DESTv2_output/sub_vcfs/2L_687541_825048.all.PoolSNP.001.5.test.vcf.gz
    output: /scratch/aob2x/DESTv2_output/sub_bcf/dest.2L.all.PoolSNP.001.5.test.bcf
    jobid: 2
    wildcards: chr=2L, popSet=all, method=PoolSNP, maf=001, mac=5, version=test
    resources: ntasks_per_node=20, memory_limit=36, time_limit=240, log_dir=/scratch/aob2x/DESTv2_output/logs

Submitted job 2 with external jobid 'Submitted batch job 46009039'.
Terminating processes on user request, this might take some time.
Will exit after finishing currently running jobs.
Complete log: /gpfs/gpfs0/scratch/aob2x/DESTv2/snpCalling/.snakemake/log/2023-01-17T084901.998331.snakemake.log
