Building DAG of jobs...
Using shell: /usr/bin/bash
Provided cluster nodes: 100
Job counts:
	count	jobs
	1	all
	1	annotate
	1	gatherPoolSnp
	6	runSNP_calling
	9
Select jobs to execute...

[Mon Jan 16 16:37:21 2023]
rule runSNP_calling:
    input: /scratch/aob2x/DESTv2_output/jobs.csv, /project/berglandlab/DEST/dest_mapped
    output: /scratch/aob2x/DESTv2_output/sub_vcfs/2L_1_137508.all.PoolSNP.001.5.test.vcf.gz
    jobid: 3
    wildcards: jobid=2L_1_137508, popset=all, method=PoolSNP, maf=001, mac=5, version=test
    resources: ntasks_per_node=1, memory_limit=10, time_limit=120, log_dir=/scratch/aob2x/DESTv2_output/logs

Submitted job 3 with external jobid 'Submitted batch job 46005115'.

[Mon Jan 16 16:37:21 2023]
rule runSNP_calling:
    input: /scratch/aob2x/DESTv2_output/jobs.csv, /project/berglandlab/DEST/dest_mapped
    output: /scratch/aob2x/DESTv2_output/sub_vcfs/2L_137509_275016.all.PoolSNP.001.5.test.vcf.gz
    jobid: 4
    wildcards: jobid=2L_137509_275016, popset=all, method=PoolSNP, maf=001, mac=5, version=test
    resources: ntasks_per_node=1, memory_limit=10, time_limit=120, log_dir=/scratch/aob2x/DESTv2_output/logs

Submitted job 4 with external jobid 'Submitted batch job 46005116'.

[Mon Jan 16 16:37:21 2023]
rule runSNP_calling:
    input: /scratch/aob2x/DESTv2_output/jobs.csv, /project/berglandlab/DEST/dest_mapped
    output: /scratch/aob2x/DESTv2_output/sub_vcfs/2L_412525_550032.all.PoolSNP.001.5.test.vcf.gz
    jobid: 6
    wildcards: jobid=2L_412525_550032, popset=all, method=PoolSNP, maf=001, mac=5, version=test
    resources: ntasks_per_node=1, memory_limit=10, time_limit=120, log_dir=/scratch/aob2x/DESTv2_output/logs

Submitted job 6 with external jobid 'Submitted batch job 46005117'.

[Mon Jan 16 16:37:23 2023]
rule runSNP_calling:
    input: /scratch/aob2x/DESTv2_output/jobs.csv, /project/berglandlab/DEST/dest_mapped
    output: /scratch/aob2x/DESTv2_output/sub_vcfs/2L_687541_825048.all.PoolSNP.001.5.test.vcf.gz
    jobid: 8
    wildcards: jobid=2L_687541_825048, popset=all, method=PoolSNP, maf=001, mac=5, version=test
    resources: ntasks_per_node=1, memory_limit=10, time_limit=120, log_dir=/scratch/aob2x/DESTv2_output/logs

Submitted job 8 with external jobid 'Submitted batch job 46005119'.

[Mon Jan 16 16:37:24 2023]
rule runSNP_calling:
    input: /scratch/aob2x/DESTv2_output/jobs.csv, /project/berglandlab/DEST/dest_mapped
    output: /scratch/aob2x/DESTv2_output/sub_vcfs/2L_275017_412524.all.PoolSNP.001.5.test.vcf.gz
    jobid: 5
    wildcards: jobid=2L_275017_412524, popset=all, method=PoolSNP, maf=001, mac=5, version=test
    resources: ntasks_per_node=1, memory_limit=10, time_limit=120, log_dir=/scratch/aob2x/DESTv2_output/logs

Submitted job 5 with external jobid 'Submitted batch job 46005120'.

[Mon Jan 16 16:37:24 2023]
rule runSNP_calling:
    input: /scratch/aob2x/DESTv2_output/jobs.csv, /project/berglandlab/DEST/dest_mapped
    output: /scratch/aob2x/DESTv2_output/sub_vcfs/2L_550033_687540.all.PoolSNP.001.5.test.vcf.gz
    jobid: 7
    wildcards: jobid=2L_550033_687540, popset=all, method=PoolSNP, maf=001, mac=5, version=test
    resources: ntasks_per_node=1, memory_limit=10, time_limit=120, log_dir=/scratch/aob2x/DESTv2_output/logs

Submitted job 7 with external jobid 'Submitted batch job 46005121'.
[Mon Jan 16 16:42:22 2023]
Finished job 8.
1 of 9 steps (11%) done
[Mon Jan 16 16:42:22 2023]
Finished job 7.
2 of 9 steps (22%) done
