Building DAG of jobs...
Using shell: /usr/bin/bash
Provided cluster nodes: 100
Job counts:
	count	jobs
	1	all
	1	annotate
	2
Select jobs to execute...

[Mon Jan 16 11:45:06 2023]
rule annotate:
    input: /scratch/aob2x/DESTv2_output/sub_bcf/dest.2L.all.PoolSNP.001.5.test.bcf
    output: /scratch/aob2x/DESTv2_output/dest.all.PoolSNP.001.5.test.ann.vcf.gz
    jobid: 1
    wildcards: popset=all, method=PoolSNP, maf=001, mac=5, version=test
    resources: ntasks_per_node=10, memory_limit=20, time_limit=1440, log_dir=/scratch/aob2x/DESTv2_output/logs

Submitted job 1 with external jobid 'Submitted batch job 45999949'.
[Mon Jan 16 11:45:26 2023]
Finished job 1.
1 of 2 steps (50%) done
Select jobs to execute...

[Mon Jan 16 11:45:26 2023]
localrule all:
    input: /scratch/aob2x/DESTv2_output/dest.all.PoolSNP.001.5.test.ann.vcf.gz
    jobid: 0
    resources: ntasks_per_node=1, memory_limit=10, time_limit=120

[Mon Jan 16 11:45:26 2023]
Finished job 0.
2 of 2 steps (100%) done
Complete log: /gpfs/gpfs0/scratch/aob2x/DESTv2/snpCalling/.snakemake/log/2023-01-16T114505.493250.snakemake.log
