Building DAG of jobs...
Using shell: /usr/bin/bash
Provided cluster nodes: 100
Job counts:
	count	jobs
	1	all
	1	annotate
	1	gatherPoolSnp
	3
Select jobs to execute...

[Tue Jan 17 08:57:10 2023]
rule gatherPoolSnp:
    input: /scratch/aob2x/DESTv2_output/sub_vcfs/2L_1_137508.all.PoolSNP.001.5.test.vcf.gz, /scratch/aob2x/DESTv2_output/sub_vcfs/2L_137509_275016.all.PoolSNP.001.5.test.vcf.gz, /scratch/aob2x/DESTv2_output/sub_vcfs/2L_275017_412524.all.PoolSNP.001.5.test.vcf.gz, /scratch/aob2x/DESTv2_output/sub_vcfs/2L_412525_550032.all.PoolSNP.001.5.test.vcf.gz, /scratch/aob2x/DESTv2_output/sub_vcfs/2L_550033_687540.all.PoolSNP.001.5.test.vcf.gz, /scratch/aob2x/DESTv2_output/sub_vcfs/2L_687541_825048.all.PoolSNP.001.5.test.vcf.gz
    output: /scratch/aob2x/DESTv2_output/sub_bcf/dest.2L.all.PoolSNP.001.5.test.vcf.gz
    jobid: 2
    wildcards: chr=2L, popSet=all, method=PoolSNP, maf=001, mac=5, version=test
    resources: ntasks_per_node=20, memory_limit=36, time_limit=240, log_dir=/scratch/aob2x/DESTv2_output/logs

Submitted job 2 with external jobid 'Submitted batch job 46009044'.
[Tue Jan 17 08:57:20 2023]
Error in rule gatherPoolSnp:
    jobid: 2
    output: /scratch/aob2x/DESTv2_output/sub_bcf/dest.2L.all.PoolSNP.001.5.test.vcf.gz
    shell:
        bash scatter_gather_annotate/gather.sh all PoolSNP 001 5 test /scratch/aob2x/DESTv2_output 2L
        (one of the commands exited with non-zero exit code; note that snakemake uses bash strict mode!)
    cluster_jobid: Submitted batch job 46009044

Error executing rule gatherPoolSnp on cluster (jobid: 2, external: Submitted batch job 46009044, jobscript: /gpfs/gpfs0/scratch/aob2x/DESTv2/snpCalling/.snakemake/tmp.tnz5bcan/snakejob.gatherPoolSnp.2.sh). For error details see the cluster log and the log files of the involved rule(s).
Shutting down, this might take some time.
Exiting because a job execution failed. Look above for error message
Complete log: /gpfs/gpfs0/scratch/aob2x/DESTv2/snpCalling/.snakemake/log/2023-01-17T085708.497650.snakemake.log
