Building DAG of jobs...
Using shell: /usr/bin/bash
Provided cluster nodes: 100
Job counts:
	count	jobs
	1	all
	1	annotate
	1	gatherPoolSnp
	6	runSNP_calling
	9
Select jobs to execute...

[Mon Jan 16 16:33:51 2023]
rule runSNP_calling:
    input: /scratch/aob2x/DESTv2_output/jobs.csv, /project/berglandlab/DEST/dest_mapped
    output: /scratch/aob2x/DESTv2_output/sub_vcfs/2L_1_137508.all.PoolSNP.001.5.test.vcf.gz
    jobid: 3
    wildcards: jobid=2L_1_137508, popset=all, method=PoolSNP, maf=001, mac=5, version=test
    resources: ntasks_per_node=1, memory_limit=10, time_limit=120, log_dir=/scratch/aob2x/DESTv2_output/logs

Submitted job 3 with external jobid 'Submitted batch job 46005081'.

[Mon Jan 16 16:33:52 2023]
rule runSNP_calling:
    input: /scratch/aob2x/DESTv2_output/jobs.csv, /project/berglandlab/DEST/dest_mapped
    output: /scratch/aob2x/DESTv2_output/sub_vcfs/2L_137509_275016.all.PoolSNP.001.5.test.vcf.gz
    jobid: 4
    wildcards: jobid=2L_137509_275016, popset=all, method=PoolSNP, maf=001, mac=5, version=test
    resources: ntasks_per_node=1, memory_limit=10, time_limit=120, log_dir=/scratch/aob2x/DESTv2_output/logs

Submitted job 4 with external jobid 'Submitted batch job 46005083'.

[Mon Jan 16 16:33:53 2023]
rule runSNP_calling:
    input: /scratch/aob2x/DESTv2_output/jobs.csv, /project/berglandlab/DEST/dest_mapped
    output: /scratch/aob2x/DESTv2_output/sub_vcfs/2L_412525_550032.all.PoolSNP.001.5.test.vcf.gz
    jobid: 6
    wildcards: jobid=2L_412525_550032, popset=all, method=PoolSNP, maf=001, mac=5, version=test
    resources: ntasks_per_node=1, memory_limit=10, time_limit=120, log_dir=/scratch/aob2x/DESTv2_output/logs

Submitted job 6 with external jobid 'Submitted batch job 46005084'.

[Mon Jan 16 16:33:54 2023]
rule runSNP_calling:
    input: /scratch/aob2x/DESTv2_output/jobs.csv, /project/berglandlab/DEST/dest_mapped
    output: /scratch/aob2x/DESTv2_output/sub_vcfs/2L_687541_825048.all.PoolSNP.001.5.test.vcf.gz
    jobid: 8
    wildcards: jobid=2L_687541_825048, popset=all, method=PoolSNP, maf=001, mac=5, version=test
    resources: ntasks_per_node=1, memory_limit=10, time_limit=120, log_dir=/scratch/aob2x/DESTv2_output/logs

Submitted job 8 with external jobid 'Submitted batch job 46005085'.

[Mon Jan 16 16:33:55 2023]
rule runSNP_calling:
    input: /scratch/aob2x/DESTv2_output/jobs.csv, /project/berglandlab/DEST/dest_mapped
    output: /scratch/aob2x/DESTv2_output/sub_vcfs/2L_275017_412524.all.PoolSNP.001.5.test.vcf.gz
    jobid: 5
    wildcards: jobid=2L_275017_412524, popset=all, method=PoolSNP, maf=001, mac=5, version=test
    resources: ntasks_per_node=1, memory_limit=10, time_limit=120, log_dir=/scratch/aob2x/DESTv2_output/logs

Submitted job 5 with external jobid 'Submitted batch job 46005086'.

[Mon Jan 16 16:33:56 2023]
rule runSNP_calling:
    input: /scratch/aob2x/DESTv2_output/jobs.csv, /project/berglandlab/DEST/dest_mapped
    output: /scratch/aob2x/DESTv2_output/sub_vcfs/2L_550033_687540.all.PoolSNP.001.5.test.vcf.gz
    jobid: 7
    wildcards: jobid=2L_550033_687540, popset=all, method=PoolSNP, maf=001, mac=5, version=test
    resources: ntasks_per_node=1, memory_limit=10, time_limit=120, log_dir=/scratch/aob2x/DESTv2_output/logs

Submitted job 7 with external jobid 'Submitted batch job 46005087'.
Terminating processes on user request, this might take some time.
Will exit after finishing currently running jobs.
Complete log: /gpfs/gpfs0/scratch/aob2x/DESTv2/snpCalling/.snakemake/log/2023-01-16T163350.501890.snakemake.log
